<?xml version="1.0" encoding="UTF-8"?>
<testng-results skipped="5" failed="1" total="8" passed="2">
  <reporter-output>
  </reporter-output>
  <suite name="Default suite" duration-ms="63676" started-at="2017-07-19T08:41:24Z" finished-at="2017-07-19T08:42:27Z">
    <groups>
    </groups>
    <test name="test2" duration-ms="110" started-at="2017-07-19T08:41:24Z" finished-at="2017-07-19T08:41:24Z">
      <class name="com.netease.test.TestCase2">
        <test-method status="FAIL" signature="setUp(java.lang.String, java.lang.String, java.lang.String)[pri:0, instance:com.netease.test.TestCase2@34033bd0]" name="setUp" is-config="true" duration-ms="0" started-at="2017-07-19T16:41:24Z" finished-at="2017-07-19T16:41:24Z">
          <params>
            <param index="0">
              <value>
                <![CDATA[28a38e6f]]>
              </value>
            </param>
            <param index="1">
              <value>
                <![CDATA[9001]]>
              </value>
            </param>
            <param index="2">
              <value>
                <![CDATA[5.1]]>
              </value>
            </param>
          </params>
          <exception class="java.net.MalformedURLException">
            <message>
              <![CDATA[For input string: "28a38e6f"]]>
            </message>
            <full-stacktrace>
              <![CDATA[java.net.MalformedURLException: For input string: "28a38e6f"
	at java.net.URL.<init>(URL.java:627)
	at java.net.URL.<init>(URL.java:490)
	at java.net.URL.<init>(URL.java:439)
	at com.netease.test.TestCase2.setUp(TestCase2.java:47)
	at sun.reflect.NativeMethodAccessorImpl.invoke0(Native Method)
	at sun.reflect.NativeMethodAccessorImpl.invoke(NativeMethodAccessorImpl.java:62)
	at sun.reflect.DelegatingMethodAccessorImpl.invoke(DelegatingMethodAccessorImpl.java:43)
	at java.lang.reflect.Method.invoke(Method.java:498)
	at org.testng.internal.MethodInvocationHelper.invokeMethod(MethodInvocationHelper.java:84)
	at org.testng.internal.Invoker.invokeConfigurationMethod(Invoker.java:564)
	at org.testng.internal.Invoker.invokeConfigurations(Invoker.java:213)
	at org.testng.internal.Invoker.invokeConfigurations(Invoker.java:138)
	at org.testng.internal.TestMethodWorker.invokeBeforeClassMethods(TestMethodWorker.java:175)
	at org.testng.internal.TestMethodWorker.run(TestMethodWorker.java:107)
	at org.testng.TestRunner.privateRun(TestRunner.java:767)
	at org.testng.TestRunner.run(TestRunner.java:617)
	at org.testng.SuiteRunner.runTest(SuiteRunner.java:335)
	at org.testng.SuiteRunner.access$000(SuiteRunner.java:37)
	at org.testng.SuiteRunner$SuiteWorker.run(SuiteRunner.java:369)
	at org.testng.internal.thread.ThreadUtil$2.call(ThreadUtil.java:64)
	at java.util.concurrent.FutureTask.run(FutureTask.java:266)
	at java.util.concurrent.ThreadPoolExecutor.runWorker(ThreadPoolExecutor.java:1142)
	at java.util.concurrent.ThreadPoolExecutor$Worker.run(ThreadPoolExecutor.java:617)
	at java.lang.Thread.run(Thread.java:748)
Caused by: java.lang.NumberFormatException: For input string: "28a38e6f"
	at java.lang.NumberFormatException.forInputString(NumberFormatException.java:65)
	at java.lang.Integer.parseInt(Integer.java:580)
	at java.lang.Integer.parseInt(Integer.java:615)
	at java.net.URLStreamHandler.parseURL(URLStreamHandler.java:222)
	at java.net.URL.<init>(URL.java:622)
	... 23 more
]]>
            </full-stacktrace>
          </exception> <!-- java.net.MalformedURLException -->
          <reporter-output>
          </reporter-output>
        </test-method> <!-- setUp -->
        <test-method status="SKIP" signature="login(java.lang.String, java.lang.String)[pri:0, instance:com.netease.test.TestCase2@34033bd0]" name="login" duration-ms="4" started-at="2017-07-19T16:41:24Z" data-provider="loginData" finished-at="2017-07-19T16:41:24Z">
          <params>
            <param index="0">
              <value>
                <![CDATA[kengiloveyou057888@126.com]]>
              </value>
            </param>
            <param index="1">
              <value>
                <![CDATA[1990@lfk]]>
              </value>
            </param>
          </params>
          <reporter-output>
          </reporter-output>
        </test-method> <!-- login -->
        <test-method status="SKIP" signature="localAlbum()[pri:0, instance:com.netease.test.TestCase2@34033bd0]" name="localAlbum" duration-ms="0" started-at="2017-07-19T16:41:24Z" depends-on-methods="com.netease.test.TestCase2.login" finished-at="2017-07-19T16:41:24Z">
          <reporter-output>
          </reporter-output>
        </test-method> <!-- localAlbum -->
        <test-method status="SKIP" signature="browseCloudPic()[pri:0, instance:com.netease.test.TestCase2@34033bd0]" name="browseCloudPic" duration-ms="0" started-at="2017-07-19T16:41:24Z" depends-on-methods="com.netease.test.TestCase2.localAlbum" finished-at="2017-07-19T16:41:24Z">
          <reporter-output>
          </reporter-output>
        </test-method> <!-- browseCloudPic -->
        <test-method status="SKIP" signature="getLocalPicts()[pri:0, instance:com.netease.test.TestCase2@34033bd0]" name="getLocalPicts" duration-ms="0" started-at="2017-07-19T16:41:24Z" depends-on-methods="com.netease.test.TestCase2.browseCloudPic" finished-at="2017-07-19T16:41:24Z">
          <reporter-output>
          </reporter-output>
        </test-method> <!-- getLocalPicts -->
        <test-method status="SKIP" signature="deletePhoto()[pri:0, instance:com.netease.test.TestCase2@34033bd0]" name="deletePhoto" is-config="true" duration-ms="0" started-at="2017-07-19T16:41:24Z" finished-at="2017-07-19T16:41:24Z">
          <reporter-output>
          </reporter-output>
        </test-method> <!-- deletePhoto -->
        <test-method status="FAIL" signature="tearDown()[pri:0, instance:com.netease.test.TestCase2@34033bd0]" name="tearDown" is-config="true" duration-ms="0" started-at="2017-07-19T16:41:24Z" finished-at="2017-07-19T16:41:24Z">
          <exception class="java.lang.NullPointerException">
            <full-stacktrace>
              <![CDATA[java.lang.NullPointerException
	at com.netease.test.TestCase2.tearDown(TestCase2.java:126)
	at sun.reflect.NativeMethodAccessorImpl.invoke0(Native Method)
	at sun.reflect.NativeMethodAccessorImpl.invoke(NativeMethodAccessorImpl.java:62)
	at sun.reflect.DelegatingMethodAccessorImpl.invoke(DelegatingMethodAccessorImpl.java:43)
	at java.lang.reflect.Method.invoke(Method.java:498)
	at org.testng.internal.MethodInvocationHelper.invokeMethod(MethodInvocationHelper.java:84)
	at org.testng.internal.Invoker.invokeConfigurationMethod(Invoker.java:564)
	at org.testng.internal.Invoker.invokeConfigurations(Invoker.java:213)
	at org.testng.internal.Invoker.invokeConfigurations(Invoker.java:138)
	at org.testng.TestRunner.afterRun(TestRunner.java:1014)
	at org.testng.TestRunner.run(TestRunner.java:621)
	at org.testng.SuiteRunner.runTest(SuiteRunner.java:335)
	at org.testng.SuiteRunner.access$000(SuiteRunner.java:37)
	at org.testng.SuiteRunner$SuiteWorker.run(SuiteRunner.java:369)
	at org.testng.internal.thread.ThreadUtil$2.call(ThreadUtil.java:64)
	at java.util.concurrent.FutureTask.run(FutureTask.java:266)
	at java.util.concurrent.ThreadPoolExecutor.runWorker(ThreadPoolExecutor.java:1142)
	at java.util.concurrent.ThreadPoolExecutor$Worker.run(ThreadPoolExecutor.java:617)
	at java.lang.Thread.run(Thread.java:748)
]]>
            </full-stacktrace>
          </exception> <!-- java.lang.NullPointerException -->
          <reporter-output>
          </reporter-output>
        </test-method> <!-- tearDown -->
      </class> <!-- com.netease.test.TestCase2 -->
    </test> <!-- test2 -->
    <test name="test1" duration-ms="63676" started-at="2017-07-19T08:41:24Z" finished-at="2017-07-19T08:42:27Z">
      <class name="com.netease.test.TestCase1">
        <test-method status="PASS" signature="setUp(java.lang.String, java.lang.String, java.lang.String)[pri:0, instance:com.netease.test.TestCase1@47d384ee]" name="setUp" is-config="true" duration-ms="10478" started-at="2017-07-19T16:41:24Z" finished-at="2017-07-19T16:41:34Z">
          <params>
            <param index="0">
              <value>
                <![CDATA[127.0.0.1:62001]]>
              </value>
            </param>
            <param index="1">
              <value>
                <![CDATA[9000]]>
              </value>
            </param>
            <param index="2">
              <value>
                <![CDATA[4.4]]>
              </value>
            </param>
          </params>
          <reporter-output>
          </reporter-output>
        </test-method> <!-- setUp -->
        <test-method status="PASS" signature="login(java.lang.String, java.lang.String)[pri:0, instance:com.netease.test.TestCase1@47d384ee]" name="login" duration-ms="17433" started-at="2017-07-19T16:41:34Z" data-provider="loginData" finished-at="2017-07-19T16:41:52Z">
          <params>
            <param index="0">
              <value>
                <![CDATA[kengiloveyou057888@126.com]]>
              </value>
            </param>
            <param index="1">
              <value>
                <![CDATA[1990@lfk]]>
              </value>
            </param>
          </params>
          <reporter-output>
          </reporter-output>
        </test-method> <!-- login -->
        <test-method status="PASS" signature="cloudalbum()[pri:0, instance:com.netease.test.TestCase1@47d384ee]" name="cloudalbum" duration-ms="2986" started-at="2017-07-19T16:41:52Z" depends-on-methods="com.netease.test.TestCase1.login" finished-at="2017-07-19T16:41:55Z">
          <reporter-output>
          </reporter-output>
        </test-method> <!-- cloudalbum -->
        <test-method status="FAIL" signature="browseLocalPic()[pri:0, instance:com.netease.test.TestCase1@47d384ee]" name="browseLocalPic" duration-ms="30488" started-at="2017-07-19T16:41:55Z" depends-on-methods="com.netease.test.TestCase1.cloudalbum" finished-at="2017-07-19T16:42:25Z">
          <exception class="org.openqa.selenium.TimeoutException">
            <message>
              <![CDATA[Timed out after 30 seconds waiting for presence of element located by: By.name: 本地相册
Build info: version: '2.50.1', revision: 'd7fc91b', time: '2016-01-29 19:08:26'
System info: host: 'k', ip: '192.168.200.1', os.name: 'Windows 8.1', os.arch: 'amd64', os.version: '6.3', java.version: '1.8.0_131'
Driver info: io.appium.java_client.android.AndroidDriver
Capabilities [{app=C:\Users\kk\Desktop\eclipse\AppiumTestGrid\app\Album_netease.apk, appPackage=com.netease.cloudalbum, deviceScreenSize=720x1280, networkConnectionEnabled=true, warnings={}, appWaitPackage=com.netease.cloudalbum, appWaitActivity=com.netease.cloudalbum.Activity.AppEncryptActivity, databaseEnabled=false, deviceName=127.0.0.1:62001, platform=LINUX, deviceUDID=127.0.0.1:62001, appActivity=com.netease.cloudalbum.Activity.AppEncryptActivity, desired={app=C:\Users\kk\Desktop\eclipse\AppiumTestGrid\app\Album_netease.apk, appPackage=com.netease.cloudalbum, platformVersion=4.4, platformName=Android, udid=127.0.0.1:62001, deviceName=127.0.0.1:62001}, platformVersion=4.4.2, webStorageEnabled=false, locationContextEnabled=false, takesScreenshot=true, javascriptEnabled=true, deviceModel=C8817D, platformName=Android, udid=127.0.0.1:62001, deviceManufacturer=HUAWEI}]
Session ID: 28cc7ce1-14e7-4a21-a08f-5db48d55def1]]>
            </message>
            <full-stacktrace>
              <![CDATA[org.openqa.selenium.TimeoutException: Timed out after 30 seconds waiting for presence of element located by: By.name: 本地相册
Build info: version: '2.50.1', revision: 'd7fc91b', time: '2016-01-29 19:08:26'
System info: host: 'k', ip: '192.168.200.1', os.name: 'Windows 8.1', os.arch: 'amd64', os.version: '6.3', java.version: '1.8.0_131'
Driver info: io.appium.java_client.android.AndroidDriver
Capabilities [{app=C:\Users\kk\Desktop\eclipse\AppiumTestGrid\app\Album_netease.apk, appPackage=com.netease.cloudalbum, deviceScreenSize=720x1280, networkConnectionEnabled=true, warnings={}, appWaitPackage=com.netease.cloudalbum, appWaitActivity=com.netease.cloudalbum.Activity.AppEncryptActivity, databaseEnabled=false, deviceName=127.0.0.1:62001, platform=LINUX, deviceUDID=127.0.0.1:62001, appActivity=com.netease.cloudalbum.Activity.AppEncryptActivity, desired={app=C:\Users\kk\Desktop\eclipse\AppiumTestGrid\app\Album_netease.apk, appPackage=com.netease.cloudalbum, platformVersion=4.4, platformName=Android, udid=127.0.0.1:62001, deviceName=127.0.0.1:62001}, platformVersion=4.4.2, webStorageEnabled=false, locationContextEnabled=false, takesScreenshot=true, javascriptEnabled=true, deviceModel=C8817D, platformName=Android, udid=127.0.0.1:62001, deviceManufacturer=HUAWEI}]
Session ID: 28cc7ce1-14e7-4a21-a08f-5db48d55def1
	at org.openqa.selenium.support.ui.WebDriverWait.timeoutException(WebDriverWait.java:80)
	at org.openqa.selenium.support.ui.FluentWait.until(FluentWait.java:261)
	at com.netease.test.TestCase1.browseLocalPic(TestCase1.java:90)
	at sun.reflect.NativeMethodAccessorImpl.invoke0(Native Method)
	at sun.reflect.NativeMethodAccessorImpl.invoke(NativeMethodAccessorImpl.java:62)
	at sun.reflect.DelegatingMethodAccessorImpl.invoke(DelegatingMethodAccessorImpl.java:43)
	at java.lang.reflect.Method.invoke(Method.java:498)
	at org.testng.internal.MethodInvocationHelper.invokeMethod(MethodInvocationHelper.java:84)
	at org.testng.internal.Invoker.invokeMethod(Invoker.java:714)
	at org.testng.internal.Invoker.invokeTestMethod(Invoker.java:901)
	at org.testng.internal.Invoker.invokeTestMethods(Invoker.java:1231)
	at org.testng.internal.TestMethodWorker.invokeTestMethods(TestMethodWorker.java:127)
	at org.testng.internal.TestMethodWorker.run(TestMethodWorker.java:111)
	at org.testng.TestRunner.privateRun(TestRunner.java:767)
	at org.testng.TestRunner.run(TestRunner.java:617)
	at org.testng.SuiteRunner.runTest(SuiteRunner.java:335)
	at org.testng.SuiteRunner.access$000(SuiteRunner.java:37)
	at org.testng.SuiteRunner$SuiteWorker.run(SuiteRunner.java:369)
	at org.testng.internal.thread.ThreadUtil$2.call(ThreadUtil.java:64)
	at java.util.concurrent.FutureTask.run(FutureTask.java:266)
	at java.util.concurrent.ThreadPoolExecutor.runWorker(ThreadPoolExecutor.java:1142)
	at java.util.concurrent.ThreadPoolExecutor$Worker.run(ThreadPoolExecutor.java:617)
	at java.lang.Thread.run(Thread.java:748)
Caused by: org.openqa.selenium.InvalidSelectorException: Locator Strategy 'name' is not supported for this session (WARNING: The server did not provide any stacktrace information)
Command duration or timeout: 8 milliseconds
For documentation on this error, please visit: http://seleniumhq.org/exceptions/invalid_selector_exception.html
Build info: version: '2.50.1', revision: 'd7fc91b', time: '2016-01-29 19:08:26'
System info: host: 'k', ip: '192.168.200.1', os.name: 'Windows 8.1', os.arch: 'amd64', os.version: '6.3', java.version: '1.8.0_131'
Driver info: io.appium.java_client.android.AndroidDriver
Capabilities [{app=C:\Users\kk\Desktop\eclipse\AppiumTestGrid\app\Album_netease.apk, appPackage=com.netease.cloudalbum, deviceScreenSize=720x1280, networkConnectionEnabled=true, warnings={}, appWaitPackage=com.netease.cloudalbum, appWaitActivity=com.netease.cloudalbum.Activity.AppEncryptActivity, databaseEnabled=false, deviceName=127.0.0.1:62001, platform=LINUX, deviceUDID=127.0.0.1:62001, appActivity=com.netease.cloudalbum.Activity.AppEncryptActivity, desired={app=C:\Users\kk\Desktop\eclipse\AppiumTestGrid\app\Album_netease.apk, appPackage=com.netease.cloudalbum, platformVersion=4.4, platformName=Android, udid=127.0.0.1:62001, deviceName=127.0.0.1:62001}, platformVersion=4.4.2, webStorageEnabled=false, locationContextEnabled=false, takesScreenshot=true, javascriptEnabled=true, deviceModel=C8817D, platformName=Android, udid=127.0.0.1:62001, deviceManufacturer=HUAWEI}]
Session ID: 28cc7ce1-14e7-4a21-a08f-5db48d55def1
*** Element info: {Using=name, value=本地相册}
	at sun.reflect.GeneratedConstructorAccessor12.newInstance(Unknown Source)
	at sun.reflect.DelegatingConstructorAccessorImpl.newInstance(DelegatingConstructorAccessorImpl.java:45)
	at java.lang.reflect.Constructor.newInstance(Constructor.java:423)
	at org.openqa.selenium.remote.ErrorHandler.createThrowable(ErrorHandler.java:206)
	at org.openqa.selenium.remote.ErrorHandler.throwIfResponseFailed(ErrorHandler.java:158)
	at org.openqa.selenium.remote.RemoteWebDriver.execute(RemoteWebDriver.java:678)
	at io.appium.java_client.DefaultGenericMobileDriver.execute(DefaultGenericMobileDriver.java:42)
	at io.appium.java_client.AppiumDriver.execute(AppiumDriver.java:1)
	at io.appium.java_client.android.AndroidDriver.execute(AndroidDriver.java:1)
	at org.openqa.selenium.remote.RemoteWebDriver.findElement(RemoteWebDriver.java:363)
	at org.openqa.selenium.remote.RemoteWebDriver.findElementByName(RemoteWebDriver.java:461)
	at io.appium.java_client.DefaultGenericMobileDriver.findElementByName(DefaultGenericMobileDriver.java:102)
	at io.appium.java_client.AppiumDriver.findElementByName(AppiumDriver.java:1)
	at io.appium.java_client.android.AndroidDriver.findElementByName(AndroidDriver.java:1)
	at org.openqa.selenium.By$ByName.findElement(By.java:303)
	at org.openqa.selenium.remote.RemoteWebDriver.findElement(RemoteWebDriver.java:355)
	at io.appium.java_client.DefaultGenericMobileDriver.findElement(DefaultGenericMobileDriver.java:52)
	at io.appium.java_client.AppiumDriver.findElement(AppiumDriver.java:1)
	at io.appium.java_client.android.AndroidDriver.findElement(AndroidDriver.java:1)
	at org.openqa.selenium.support.ui.ExpectedConditions.findElement(ExpectedConditions.java:911)
	at org.openqa.selenium.support.ui.ExpectedConditions.access$0(ExpectedConditions.java:909)
	at org.openqa.selenium.support.ui.ExpectedConditions$6.apply(ExpectedConditions.java:181)
	at org.openqa.selenium.support.ui.ExpectedConditions$6.apply(ExpectedConditions.java:1)
	at org.openqa.selenium.support.ui.FluentWait.until(FluentWait.java:238)
	... 21 more
]]>
            </full-stacktrace>
          </exception> <!-- org.openqa.selenium.TimeoutException -->
          <reporter-output>
          </reporter-output>
        </test-method> <!-- browseLocalPic -->
        <test-method status="SKIP" signature="getCloudPicts()[pri:0, instance:com.netease.test.TestCase1@47d384ee]" name="getCloudPicts" duration-ms="0" started-at="2017-07-19T16:42:25Z" depends-on-methods="com.netease.test.TestCase1.browseLocalPic" finished-at="2017-07-19T16:42:25Z">
          <reporter-output>
          </reporter-output>
        </test-method> <!-- getCloudPicts -->
        <test-method status="PASS" signature="tearDown()[pri:0, instance:com.netease.test.TestCase1@47d384ee]" name="tearDown" is-config="true" duration-ms="2277" started-at="2017-07-19T16:42:25Z" finished-at="2017-07-19T16:42:27Z">
          <reporter-output>
          </reporter-output>
        </test-method> <!-- tearDown -->
      </class> <!-- com.netease.test.TestCase1 -->
    </test> <!-- test1 -->
  </suite> <!-- Default suite -->
</testng-results>
