<?xml version="1.0" encoding="UTF-8"?>
<!-- Generated by org.testng.reporters.JUnitXMLReporter -->
<testsuite hostname="k" name="Default test" tests="4" failures="1" timestamp="23 Aug 2016 02:07:51 GMT" time="66.164" errors="0">
  <testcase name="login" time="19.109" classname="com.netease.test.TestCase1"/>
  <testcase name="cloudalbum" time="2.259" classname="com.netease.test.TestCase1"/>
  <testcase name="browseLocalPic" time="31.277" classname="com.netease.test.TestCase1">
    <failure type="org.openqa.selenium.TimeoutException" message="Timed out after 30 seconds waiting for presence of element located by: By.name: 本地相册
Build info: version: &amp;apos;2.50.1&amp;apos;, revision: &amp;apos;d7fc91b&amp;apos;, time: &amp;apos;2016-01-29 19:08:26&amp;apos;
System info: host: &amp;apos;k&amp;apos;, ip: &amp;apos;192.168.200.1&amp;apos;, os.name: &amp;apos;Windows 8&amp;apos;, os.arch: &amp;apos;amd64&amp;apos;, os.version: &amp;apos;6.2&amp;apos;, java.version: &amp;apos;1.7.0_21&amp;apos;
Session ID: 59c83915-76f0-4d3d-b592-943bbb574258
Driver info: io.appium.java_client.android.AndroidDriver
Capabilities [{platform=LINUX, app=C:\Users\kk\Desktop\eclipse\AppiumTest\app\Album_netease.apk, javascriptEnabled=true, appActivity=com.netease.cloudalbum.Activity.AppEncryptActivity, networkConnectionEnabled=true, udid=127.0.0.1:62001, desired={app=C:\Users\kk\Desktop\eclipse\AppiumTest\app\Album_netease.apk, platformVersion=4.4, deviceName=127.0.0.1:62001, platformName=Android, udid=127.0.0.1:62001, appPackage=com.netease.cloudalbum}, locationContextEnabled=false, deviceUDID=127.0.0.1:62001, appPackage=com.netease.cloudalbum, platformVersion=4.4.2, databaseEnabled=false, appWaitPackage=com.netease.cloudalbum, deviceName=127.0.0.1:62001, platformName=Android, appWaitActivity=com.netease.cloudalbum.Activity.AppEncryptActivity, webStorageEnabled=false, warnings={}, takesScreenshot=true}]">
      <![CDATA[org.openqa.selenium.TimeoutException: Timed out after 30 seconds waiting for presence of element located by: By.name: 本地相册
Build info: version: '2.50.1', revision: 'd7fc91b', time: '2016-01-29 19:08:26'
System info: host: 'k', ip: '192.168.200.1', os.name: 'Windows 8', os.arch: 'amd64', os.version: '6.2', java.version: '1.7.0_21'
Session ID: 59c83915-76f0-4d3d-b592-943bbb574258
Driver info: io.appium.java_client.android.AndroidDriver
Capabilities [{platform=LINUX, app=C:\Users\kk\Desktop\eclipse\AppiumTest\app\Album_netease.apk, javascriptEnabled=true, appActivity=com.netease.cloudalbum.Activity.AppEncryptActivity, networkConnectionEnabled=true, udid=127.0.0.1:62001, desired={app=C:\Users\kk\Desktop\eclipse\AppiumTest\app\Album_netease.apk, platformVersion=4.4, deviceName=127.0.0.1:62001, platformName=Android, udid=127.0.0.1:62001, appPackage=com.netease.cloudalbum}, locationContextEnabled=false, deviceUDID=127.0.0.1:62001, appPackage=com.netease.cloudalbum, platformVersion=4.4.2, databaseEnabled=false, appWaitPackage=com.netease.cloudalbum, deviceName=127.0.0.1:62001, platformName=Android, appWaitActivity=com.netease.cloudalbum.Activity.AppEncryptActivity, webStorageEnabled=false, warnings={}, takesScreenshot=true}]
	at org.openqa.selenium.support.ui.WebDriverWait.timeoutException(WebDriverWait.java:80)
	at org.openqa.selenium.support.ui.FluentWait.until(FluentWait.java:261)
	at com.netease.test.TestCase1.browseLocalPic(TestCase1.java:88)
	at sun.reflect.NativeMethodAccessorImpl.invoke0(Native Method)
	at sun.reflect.NativeMethodAccessorImpl.invoke(NativeMethodAccessorImpl.java:57)
	at sun.reflect.DelegatingMethodAccessorImpl.invoke(DelegatingMethodAccessorImpl.java:43)
	at java.lang.reflect.Method.invoke(Method.java:601)
	at org.testng.internal.MethodInvocationHelper.invokeMethod(MethodInvocationHelper.java:84)
	at org.testng.internal.Invoker.invokeMethod(Invoker.java:714)
	at org.testng.internal.Invoker.invokeTestMethod(Invoker.java:901)
	at org.testng.internal.Invoker.invokeTestMethods(Invoker.java:1231)
	at org.testng.internal.TestMethodWorker.invokeTestMethods(TestMethodWorker.java:127)
	at org.testng.internal.TestMethodWorker.run(TestMethodWorker.java:111)
	at org.testng.TestRunner.privateRun(TestRunner.java:767)
	at org.testng.TestRunner.run(TestRunner.java:617)
	at org.testng.SuiteRunner.runTest(SuiteRunner.java:335)
	at org.testng.SuiteRunner.runSequentially(SuiteRunner.java:330)
	at org.testng.SuiteRunner.privateRun(SuiteRunner.java:291)
	at org.testng.SuiteRunner.run(SuiteRunner.java:240)
	at org.testng.SuiteRunnerWorker.runSuite(SuiteRunnerWorker.java:52)
	at org.testng.SuiteRunnerWorker.run(SuiteRunnerWorker.java:86)
	at org.testng.TestNG.runSuitesSequentially(TestNG.java:1224)
	at org.testng.TestNG.runSuitesLocally(TestNG.java:1149)
	at org.testng.TestNG.run(TestNG.java:1057)
	at org.testng.remote.RemoteTestNG.run(RemoteTestNG.java:111)
	at org.testng.remote.RemoteTestNG.initAndRun(RemoteTestNG.java:204)
	at org.testng.remote.RemoteTestNG.main(RemoteTestNG.java:175)
Caused by: org.openqa.selenium.InvalidSelectorException: Locator Strategy 'name' is not supported for this session (WARNING: The server did not provide any stacktrace information)
Command duration or timeout: 8 milliseconds
For documentation on this error, please visit: http://seleniumhq.org/exceptions/invalid_selector_exception.html
Build info: version: '2.50.1', revision: 'd7fc91b', time: '2016-01-29 19:08:26'
System info: host: 'k', ip: '192.168.200.1', os.name: 'Windows 8', os.arch: 'amd64', os.version: '6.2', java.version: '1.7.0_21'
*** Element info: {Using=name, value=本地相册}
Session ID: 59c83915-76f0-4d3d-b592-943bbb574258
Driver info: io.appium.java_client.android.AndroidDriver
Capabilities [{platform=LINUX, app=C:\Users\kk\Desktop\eclipse\AppiumTest\app\Album_netease.apk, javascriptEnabled=true, appActivity=com.netease.cloudalbum.Activity.AppEncryptActivity, networkConnectionEnabled=true, udid=127.0.0.1:62001, desired={app=C:\Users\kk\Desktop\eclipse\AppiumTest\app\Album_netease.apk, platformVersion=4.4, deviceName=127.0.0.1:62001, platformName=Android, udid=127.0.0.1:62001, appPackage=com.netease.cloudalbum}, locationContextEnabled=false, deviceUDID=127.0.0.1:62001, appPackage=com.netease.cloudalbum, platformVersion=4.4.2, databaseEnabled=false, appWaitPackage=com.netease.cloudalbum, deviceName=127.0.0.1:62001, platformName=Android, appWaitActivity=com.netease.cloudalbum.Activity.AppEncryptActivity, webStorageEnabled=false, warnings={}, takesScreenshot=true}]
	at sun.reflect.GeneratedConstructorAccessor10.newInstance(Unknown Source)
	at sun.reflect.DelegatingConstructorAccessorImpl.newInstance(DelegatingConstructorAccessorImpl.java:45)
	at java.lang.reflect.Constructor.newInstance(Constructor.java:525)
	at org.openqa.selenium.remote.ErrorHandler.createThrowable(ErrorHandler.java:206)
	at org.openqa.selenium.remote.ErrorHandler.throwIfResponseFailed(ErrorHandler.java:158)
	at org.openqa.selenium.remote.RemoteWebDriver.execute(RemoteWebDriver.java:678)
	at io.appium.java_client.DefaultGenericMobileDriver.execute(DefaultGenericMobileDriver.java:42)
	at io.appium.java_client.AppiumDriver.execute(AppiumDriver.java:1)
	at io.appium.java_client.android.AndroidDriver.execute(AndroidDriver.java:1)
	at org.openqa.selenium.remote.RemoteWebDriver.findElement(RemoteWebDriver.java:363)
	at org.openqa.selenium.remote.RemoteWebDriver.findElementByName(RemoteWebDriver.java:461)
	at io.appium.java_client.DefaultGenericMobileDriver.findElementByName(DefaultGenericMobileDriver.java:102)
	at io.appium.java_client.AppiumDriver.findElementByName(AppiumDriver.java:1)
	at io.appium.java_client.android.AndroidDriver.findElementByName(AndroidDriver.java:1)
	at org.openqa.selenium.By$ByName.findElement(By.java:303)
	at org.openqa.selenium.remote.RemoteWebDriver.findElement(RemoteWebDriver.java:355)
	at io.appium.java_client.DefaultGenericMobileDriver.findElement(DefaultGenericMobileDriver.java:52)
	at io.appium.java_client.AppiumDriver.findElement(AppiumDriver.java:1)
	at io.appium.java_client.android.AndroidDriver.findElement(AndroidDriver.java:1)
	at org.openqa.selenium.support.ui.ExpectedConditions.findElement(ExpectedConditions.java:911)
	at org.openqa.selenium.support.ui.ExpectedConditions.access$0(ExpectedConditions.java:909)
	at org.openqa.selenium.support.ui.ExpectedConditions$6.apply(ExpectedConditions.java:181)
	at org.openqa.selenium.support.ui.ExpectedConditions$6.apply(ExpectedConditions.java:1)
	at org.openqa.selenium.support.ui.FluentWait.until(FluentWait.java:238)
	... 25 more
]]>
    </failure>
  </testcase> <!-- browseLocalPic -->
  <testcase name="getCloudPicts" time="0.0" classname="com.netease.test.TestCase1">
    <skipped/>
  </testcase> <!-- getCloudPicts -->
</testsuite> <!-- Default test -->
