<?xml version="1.0" encoding="UTF-8"?>
<!-- Generated by org.testng.reporters.JUnitReportReporter -->
<testsuite hostname="k" name="com.netease.test.Exam" tests="4" failures="1" timestamp="8 Aug 2016 12:01:10 GMT" time="51.729" errors="0">
  <testcase name="browseCloudPic" time="12.142" classname="com.netease.test.Exam"/>
  <testcase name="batchUploadPic" time="0.001" classname="com.netease.test.Exam"/>
  <testcase name="login" time="18.778" classname="com.netease.test.Exam"/>
  <testcase name="browseLocalPic" time="20.808" classname="com.netease.test.Exam">
    <failure type="org.openqa.selenium.NoSuchElementException" message="An element could not be located on the page using the given search parameters. (WARNING: The server did not provide any stacktrace information)
Command duration or timeout: 10.58 seconds
For documentation on this error, please visit: http://seleniumhq.org/exceptions/no_such_element.html
Build info: version: &#039;2.50.1&#039;, revision: &#039;d7fc91b&#039;, time: &#039;2016-01-29 19:08:26&#039;
System info: host: &#039;k&#039;, ip: &#039;192.168.200.1&#039;, os.name: &#039;Windows 8&#039;, os.arch: &#039;amd64&#039;, os.version: &#039;6.2&#039;, java.version: &#039;1.7.0_21&#039;
*** Element info: {Using=id, value=cloud_album_cover}
Session ID: 08204ed6-1742-4204-aa62-53f80873c919
Driver info: io.appium.java_client.android.AndroidDriver
Capabilities [{platform=LINUX, app=C:\Users\kk\Desktop\eclipse\AppiumTest\app\Album_netease.apk, javascriptEnabled=true, browserName=Android, networkConnectionEnabled=true, desired={app=C:\Users\kk\Desktop\eclipse\AppiumTest\app\Album_netease.apk, platformVersion=4.4, deviceName=127.0.0.1:62001, platformName=Android, appPackage=com.netease.cloudalbum}, locationContextEnabled=false, appPackage=com.netease.cloudalbum, platformVersion=4.4.2, databaseEnabled=false, deviceName=127.0.0.1:62001, platformName=Android, webStorageEnabled=false, warnings={}, takesScreenshot=true}]">
      <![CDATA[org.openqa.selenium.NoSuchElementException: An element could not be located on the page using the given search parameters. (WARNING: The server did not provide any stacktrace information)
Command duration or timeout: 10.58 seconds
For documentation on this error, please visit: http://seleniumhq.org/exceptions/no_such_element.html
Build info: version: '2.50.1', revision: 'd7fc91b', time: '2016-01-29 19:08:26'
System info: host: 'k', ip: '192.168.200.1', os.name: 'Windows 8', os.arch: 'amd64', os.version: '6.2', java.version: '1.7.0_21'
*** Element info: {Using=id, value=cloud_album_cover}
Session ID: 08204ed6-1742-4204-aa62-53f80873c919
Driver info: io.appium.java_client.android.AndroidDriver
Capabilities [{platform=LINUX, app=C:\Users\kk\Desktop\eclipse\AppiumTest\app\Album_netease.apk, javascriptEnabled=true, browserName=Android, networkConnectionEnabled=true, desired={app=C:\Users\kk\Desktop\eclipse\AppiumTest\app\Album_netease.apk, platformVersion=4.4, deviceName=127.0.0.1:62001, platformName=Android, appPackage=com.netease.cloudalbum}, locationContextEnabled=false, appPackage=com.netease.cloudalbum, platformVersion=4.4.2, databaseEnabled=false, deviceName=127.0.0.1:62001, platformName=Android, webStorageEnabled=false, warnings={}, takesScreenshot=true}]
	at sun.reflect.NativeConstructorAccessorImpl.newInstance0(Native Method)
	at sun.reflect.NativeConstructorAccessorImpl.newInstance(NativeConstructorAccessorImpl.java:57)
	at sun.reflect.DelegatingConstructorAccessorImpl.newInstance(DelegatingConstructorAccessorImpl.java:45)
	at java.lang.reflect.Constructor.newInstance(Constructor.java:525)
	at org.openqa.selenium.remote.ErrorHandler.createThrowable(ErrorHandler.java:206)
	at org.openqa.selenium.remote.ErrorHandler.throwIfResponseFailed(ErrorHandler.java:158)
	at org.openqa.selenium.remote.RemoteWebDriver.execute(RemoteWebDriver.java:678)
	at io.appium.java_client.DefaultGenericMobileDriver.execute(DefaultGenericMobileDriver.java:42)
	at io.appium.java_client.AppiumDriver.execute(AppiumDriver.java:1)
	at io.appium.java_client.android.AndroidDriver.execute(AndroidDriver.java:1)
	at org.openqa.selenium.remote.RemoteWebDriver.findElement(RemoteWebDriver.java:363)
	at org.openqa.selenium.remote.RemoteWebDriver.findElementById(RemoteWebDriver.java:413)
	at io.appium.java_client.DefaultGenericMobileDriver.findElementById(DefaultGenericMobileDriver.java:62)
	at io.appium.java_client.AppiumDriver.findElementById(AppiumDriver.java:1)
	at io.appium.java_client.android.AndroidDriver.findElementById(AndroidDriver.java:1)
	at com.netease.test.Exam.browseLocalPic(Exam.java:60)
	at sun.reflect.NativeMethodAccessorImpl.invoke0(Native Method)
	at sun.reflect.NativeMethodAccessorImpl.invoke(NativeMethodAccessorImpl.java:57)
	at sun.reflect.DelegatingMethodAccessorImpl.invoke(DelegatingMethodAccessorImpl.java:43)
	at java.lang.reflect.Method.invoke(Method.java:601)
	at org.testng.internal.MethodInvocationHelper.invokeMethod(MethodInvocationHelper.java:84)
	at org.testng.internal.Invoker.invokeMethod(Invoker.java:714)
	at org.testng.internal.Invoker.invokeTestMethod(Invoker.java:901)
	at org.testng.internal.Invoker.invokeTestMethods(Invoker.java:1231)
	at org.testng.internal.TestMethodWorker.invokeTestMethods(TestMethodWorker.java:127)
	at org.testng.internal.TestMethodWorker.run(TestMethodWorker.java:111)
	at org.testng.TestRunner.privateRun(TestRunner.java:767)
	at org.testng.TestRunner.run(TestRunner.java:617)
	at org.testng.SuiteRunner.runTest(SuiteRunner.java:335)
	at org.testng.SuiteRunner.runSequentially(SuiteRunner.java:330)
	at org.testng.SuiteRunner.privateRun(SuiteRunner.java:291)
	at org.testng.SuiteRunner.run(SuiteRunner.java:240)
	at org.testng.SuiteRunnerWorker.runSuite(SuiteRunnerWorker.java:52)
	at org.testng.SuiteRunnerWorker.run(SuiteRunnerWorker.java:86)
	at org.testng.TestNG.runSuitesSequentially(TestNG.java:1224)
	at org.testng.TestNG.runSuitesLocally(TestNG.java:1149)
	at org.testng.TestNG.run(TestNG.java:1057)
	at org.testng.remote.RemoteTestNG.run(RemoteTestNG.java:111)
	at org.testng.remote.RemoteTestNG.initAndRun(RemoteTestNG.java:204)
	at org.testng.remote.RemoteTestNG.main(RemoteTestNG.java:175)
]]>
    </failure>
  </testcase> <!-- browseLocalPic -->
</testsuite> <!-- com.netease.test.Exam -->
